<?xml version="1.0" encoding="UTF-8"?>
<testsuite name="consume API web" tests="1" skipped="0" failures="1" errors="0" timestamp="2020-08-22T22:51:23" hostname="DESKTOP-S5BRHJP" time="30.473">
  <properties/>
  <testcase name="API health end-point" classname="consume API web" time="30.473">
    <failure message="java.lang.AssertionError: AssertionError should have a constructor with the signature MyException(String message) and MyException(String message, Throwable cause)" type="java.lang.AssertionError">java.lang.AssertionError: AssertionError should have a constructor with the signature MyException(String message) and MyException(String message, Throwable cause)
	at net.serenitybdd.screenplay.ErrorTally.throwSummaryExceptionFrom(ErrorTally.java:36)
	at net.serenitybdd.screenplay.ErrorTally.reportAnyErrors(ErrorTally.java:30)
	at net.serenitybdd.screenplay.Actor.should(Actor.java:301)
	at com.sophos.certificacion.wong.stepdefinitions.ConsumeApiStepdefinitions.theAPIShouldReturn(ConsumeApiStepdefinitions.java:41)
	at âœ½.The API should return(src/test/resources/features/consume_api.feature:7)
</failure>
  </testcase>
  <system-out><![CDATA[{"name":"Cosista", "email":"frr@gmail222.com" ,"gender":"Male", "status":"Active" }
{"code":201,"data":{"gender":"Male","updated_at":"2020-08-23T04:21:33.287+05:30","name":"Cosista","created_at":"2020-08-23T04:21:33.287+05:30","id":1272,"email":"frr@gmail222.com","status":"Active"},"meta":null}
]]></system-out>
  <system-err><![CDATA[[Test worker] ERROR net.thucydides.core.steps.ConsoleLoggingListener - 
           __  _____ _____ ____ _____   _____ _    ___ _     _____ ____  
  _       / / |_   _| ____/ ___|_   _| |  ___/ \  |_ _| |   | ____|  _ \ 
 (_)_____| |    | | |  _| \___ \ | |   | |_ / _ \  | || |   |  _| | | | |
  _|_____| |    | | | |___ ___) || |   |  _/ ___ \ | || |___| |___| |_| |
 (_)     | |    |_| |_____|____/ |_|   |_|/_/   \_\___|_____|_____|____/ 
          \_\                                                            

TEST FAILED: API health end-point
--------------------------------------------------------------------------
[Test worker] ERROR net.thucydides.core.steps.ConsoleLoggingListener - TEST FAILED AT STEP Then cosume api succes
[Test worker] ERROR net.thucydides.core.steps.ConsoleLoggingListener - AssertionError should have a constructor with the signature MyException(String message) and MyException(String message, Throwable cause)
]]></system-err>
</testsuite>
