<?xml version="1.0" encoding="UTF-8"?><testsuite errors="0" failures="1" name="Search products with different categories" skipped="0" tests="1" time="226.52" timestamp="2020-08-20 05:29:18"><testcase name="Find Meat Products"><failure message="ApplicationException should have a constructor with the signature MyException(String message) and MyException(String message, Throwable cause)" type="java.lang.AssertionError">ApplicationException should have a constructor with the signature MyException(String message) and MyException(String message, Throwable cause)</failure><system-err>ApplicationException should have a constructor with the signature MyException(String message) and MyException(String message, Throwable cause)&#13;
com.sophos.certificacion.wong.stepdefinitions.BuyProductStepdefinitions.shouldValidateThePurchaseOfHisProduct(BuyProductStepdefinitions.java:48)&#13;
✽.should validate the purchase of his product(src/test/resources/features/buy_product.feature:9)&#13;
</system-err></testcase></testsuite>