<?xml version="1.0" encoding="UTF-8"?><testsuite errors="0" failures="1" name="consume API web" skipped="0" tests="1" time="27.18" timestamp="2020-08-22 05:51:23"><testcase name="API health end-point"><failure message="AssertionError should have a constructor with the signature MyException(String message) and MyException(String message, Throwable cause)" type="java.lang.AssertionError">AssertionError should have a constructor with the signature MyException(String message) and MyException(String message, Throwable cause)</failure><system-err>AssertionError should have a constructor with the signature MyException(String message) and MyException(String message, Throwable cause)&#13;
com.sophos.certificacion.wong.stepdefinitions.ConsumeApiStepdefinitions.theAPIShouldReturn(ConsumeApiStepdefinitions.java:41)&#13;
✽.The API should return(src/test/resources/features/consume_api.feature:7)&#13;
</system-err></testcase></testsuite>